The system is: Linux - 5.10.142-antix.2-amd64-smp - x86_64
Compiling the C compiler identification source file "CMakeCCompilerId.c" succeeded.
Compiler: /usr/bin/cc 
Build flags: 
Id flags:  

The output was:
0


Compilation of the C compiler identification source "CMakeCCompilerId.c" produced "a.out"

The C compiler identification is GNU, found in "/home/ethereal/Downloads/minetest/CMakeFiles/3.18.4/CompilerIdC/a.out"

Compiling the CXX compiler identification source file "CMakeCXXCompilerId.cpp" succeeded.
Compiler: /usr/bin/c++ 
Build flags: 
Id flags:  

The output was:
0


Compilation of the CXX compiler identification source "CMakeCXXCompilerId.cpp" produced "a.out"

The CXX compiler identification is GNU, found in "/home/ethereal/Downloads/minetest/CMakeFiles/3.18.4/CompilerIdCXX/a.out"

Detecting C compiler ABI info compiled with the following output:
Change Dir: /home/ethereal/Downloads/minetest/CMakeFiles/CMakeTmp

Run Build Command(s):/usr/bin/gmake cmTC_132d9/fast && /usr/bin/gmake  -f CMakeFiles/cmTC_132d9.dir/build.make CMakeFiles/cmTC_132d9.dir/build
gmake[1]: Entering directory '/home/ethereal/Downloads/minetest/CMakeFiles/CMakeTmp'
Building C object CMakeFiles/cmTC_132d9.dir/CMakeCCompilerABI.c.o
/usr/bin/cc   -v -o CMakeFiles/cmTC_132d9.dir/CMakeCCompilerABI.c.o -c /usr/share/cmake-3.18/Modules/CMakeCCompilerABI.c
Using built-in specs.
COLLECT_GCC=/usr/bin/cc
OFFLOAD_TARGET_NAMES=nvptx-none:amdgcn-amdhsa:hsa
OFFLOAD_TARGET_DEFAULT=1
Target: x86_64-linux-gnu
Configured with: ../src/configure -v --with-pkgversion='Debian 10.2.1-6' --with-bugurl=file:///usr/share/doc/gcc-10/README.Bugs --enable-languages=c,ada,c++,go,brig,d,fortran,objc,obj-c++,m2 --prefix=/usr --with-gcc-major-version-only --program-suffix=-10 --program-prefix=x86_64-linux-gnu- --enable-shared --enable-linker-build-id --libexecdir=/usr/lib --without-included-gettext --enable-threads=posix --libdir=/usr/lib --enable-nls --enable-bootstrap --enable-clocale=gnu --enable-libstdcxx-debug --enable-libstdcxx-time=yes --with-default-libstdcxx-abi=new --enable-gnu-unique-object --disable-vtable-verify --enable-plugin --enable-default-pie --with-system-zlib --enable-libphobos-checking=release --with-target-system-zlib=auto --enable-objc-gc=auto --enable-multiarch --disable-werror --with-arch-32=i686 --with-abi=m64 --with-multilib-list=m32,m64,mx32 --enable-multilib --with-tune=generic --enable-offload-targets=nvptx-none=/build/gcc-10-Km9U7s/gcc-10-10.2.1/debian/tmp-nvptx/usr,amdgcn-amdhsa=/build/gcc-10-Km9U7s/gcc-10-10.2.1/debian/tmp-gcn/usr,hsa --without-cuda-driver --enable-checking=release --build=x86_64-linux-gnu --host=x86_64-linux-gnu --target=x86_64-linux-gnu --with-build-config=bootstrap-lto-lean --enable-link-mutex
Thread model: posix
Supported LTO compression algorithms: zlib zstd
gcc version 10.2.1 20210110 (Debian 10.2.1-6) 
COLLECT_GCC_OPTIONS='-v' '-o' 'CMakeFiles/cmTC_132d9.dir/CMakeCCompilerABI.c.o' '-c' '-mtune=generic' '-march=x86-64'
 /usr/lib/gcc/x86_64-linux-gnu/10/cc1 -quiet -v -imultiarch x86_64-linux-gnu /usr/share/cmake-3.18/Modules/CMakeCCompilerABI.c -quiet -dumpbase CMakeCCompilerABI.c -mtune=generic -march=x86-64 -auxbase-strip CMakeFiles/cmTC_132d9.dir/CMakeCCompilerABI.c.o -version -fasynchronous-unwind-tables -o /tmp/ccy62Eb8.s
GNU C17 (Debian 10.2.1-6) version 10.2.1 20210110 (x86_64-linux-gnu)
	compiled by GNU C version 10.2.1 20210110, GMP version 6.2.1, MPFR version 4.1.0, MPC version 1.2.0, isl version isl-0.23-GMP

GGC heuristics: --param ggc-min-expand=100 --param ggc-min-heapsize=131072
ignoring nonexistent directory "/usr/local/include/x86_64-linux-gnu"
ignoring nonexistent directory "/usr/local/include"
ignoring nonexistent directory "/usr/lib/gcc/x86_64-linux-gnu/10/include-fixed"
ignoring nonexistent directory "/usr/lib/gcc/x86_64-linux-gnu/10/../../../../x86_64-linux-gnu/include"
#include "..." search starts here:
#include <...> search starts here:
 /usr/lib/gcc/x86_64-linux-gnu/10/include
 /usr/include/x86_64-linux-gnu
 /usr/include
End of search list.
GNU C17 (Debian 10.2.1-6) version 10.2.1 20210110 (x86_64-linux-gnu)
	compiled by GNU C version 10.2.1 20210110, GMP version 6.2.1, MPFR version 4.1.0, MPC version 1.2.0, isl version isl-0.23-GMP

GGC heuristics: --param ggc-min-expand=100 --param ggc-min-heapsize=131072
Compiler executable checksum: 1f803793fa2e3418c492b25e7d3eac2f
COLLECT_GCC_OPTIONS='-v' '-o' 'CMakeFiles/cmTC_132d9.dir/CMakeCCompilerABI.c.o' '-c' '-mtune=generic' '-march=x86-64'
 as -v --64 -o CMakeFiles/cmTC_132d9.dir/CMakeCCompilerABI.c.o /tmp/ccy62Eb8.s
GNU assembler version 2.35.2 (x86_64-linux-gnu) using BFD version (GNU Binutils for Debian) 2.35.2
COMPILER_PATH=/usr/lib/gcc/x86_64-linux-gnu/10/:/usr/lib/gcc/x86_64-linux-gnu/10/:/usr/lib/gcc/x86_64-linux-gnu/:/usr/lib/gcc/x86_64-linux-gnu/10/:/usr/lib/gcc/x86_64-linux-gnu/
LIBRARY_PATH=/usr/lib/gcc/x86_64-linux-gnu/10/:/usr/lib/gcc/x86_64-linux-gnu/10/../../../x86_64-linux-gnu/:/usr/lib/gcc/x86_64-linux-gnu/10/../../../../lib/:/lib/x86_64-linux-gnu/:/lib/../lib/:/usr/lib/x86_64-linux-gnu/:/usr/lib/../lib/:/usr/lib/gcc/x86_64-linux-gnu/10/../../../:/lib/:/usr/lib/
COLLECT_GCC_OPTIONS='-v' '-o' 'CMakeFiles/cmTC_132d9.dir/CMakeCCompilerABI.c.o' '-c' '-mtune=generic' '-march=x86-64'
Linking C executable cmTC_132d9
/usr/bin/cmake -E cmake_link_script CMakeFiles/cmTC_132d9.dir/link.txt --verbose=1
/usr/bin/cc  -v CMakeFiles/cmTC_132d9.dir/CMakeCCompilerABI.c.o -o cmTC_132d9 
Using built-in specs.
COLLECT_GCC=/usr/bin/cc
COLLECT_LTO_WRAPPER=/usr/lib/gcc/x86_64-linux-gnu/10/lto-wrapper
OFFLOAD_TARGET_NAMES=nvptx-none:amdgcn-amdhsa:hsa
OFFLOAD_TARGET_DEFAULT=1
Target: x86_64-linux-gnu
Configured with: ../src/configure -v --with-pkgversion='Debian 10.2.1-6' --with-bugurl=file:///usr/share/doc/gcc-10/README.Bugs --enable-languages=c,ada,c++,go,brig,d,fortran,objc,obj-c++,m2 --prefix=/usr --with-gcc-major-version-only --program-suffix=-10 --program-prefix=x86_64-linux-gnu- --enable-shared --enable-linker-build-id --libexecdir=/usr/lib --without-included-gettext --enable-threads=posix --libdir=/usr/lib --enable-nls --enable-bootstrap --enable-clocale=gnu --enable-libstdcxx-debug --enable-libstdcxx-time=yes --with-default-libstdcxx-abi=new --enable-gnu-unique-object --disable-vtable-verify --enable-plugin --enable-default-pie --with-system-zlib --enable-libphobos-checking=release --with-target-system-zlib=auto --enable-objc-gc=auto --enable-multiarch --disable-werror --with-arch-32=i686 --with-abi=m64 --with-multilib-list=m32,m64,mx32 --enable-multilib --with-tune=generic --enable-offload-targets=nvptx-none=/build/gcc-10-Km9U7s/gcc-10-10.2.1/debian/tmp-nvptx/usr,amdgcn-amdhsa=/build/gcc-10-Km9U7s/gcc-10-10.2.1/debian/tmp-gcn/usr,hsa --without-cuda-driver --enable-checking=release --build=x86_64-linux-gnu --host=x86_64-linux-gnu --target=x86_64-linux-gnu --with-build-config=bootstrap-lto-lean --enable-link-mutex
Thread model: posix
Supported LTO compression algorithms: zlib zstd
gcc version 10.2.1 20210110 (Debian 10.2.1-6) 
COMPILER_PATH=/usr/lib/gcc/x86_64-linux-gnu/10/:/usr/lib/gcc/x86_64-linux-gnu/10/:/usr/lib/gcc/x86_64-linux-gnu/:/usr/lib/gcc/x86_64-linux-gnu/10/:/usr/lib/gcc/x86_64-linux-gnu/
LIBRARY_PATH=/usr/lib/gcc/x86_64-linux-gnu/10/:/usr/lib/gcc/x86_64-linux-gnu/10/../../../x86_64-linux-gnu/:/usr/lib/gcc/x86_64-linux-gnu/10/../../../../lib/:/lib/x86_64-linux-gnu/:/lib/../lib/:/usr/lib/x86_64-linux-gnu/:/usr/lib/../lib/:/usr/lib/gcc/x86_64-linux-gnu/10/../../../:/lib/:/usr/lib/
COLLECT_GCC_OPTIONS='-v' '-o' 'cmTC_132d9' '-mtune=generic' '-march=x86-64'
 /usr/lib/gcc/x86_64-linux-gnu/10/collect2 -plugin /usr/lib/gcc/x86_64-linux-gnu/10/liblto_plugin.so -plugin-opt=/usr/lib/gcc/x86_64-linux-gnu/10/lto-wrapper -plugin-opt=-fresolution=/tmp/cccovKkK.res -plugin-opt=-pass-through=-lgcc -plugin-opt=-pass-through=-lgcc_s -plugin-opt=-pass-through=-lc -plugin-opt=-pass-through=-lgcc -plugin-opt=-pass-through=-lgcc_s --build-id --eh-frame-hdr -m elf_x86_64 --hash-style=gnu --as-needed -dynamic-linker /lib64/ld-linux-x86-64.so.2 -pie -o cmTC_132d9 /usr/lib/gcc/x86_64-linux-gnu/10/../../../x86_64-linux-gnu/Scrt1.o /usr/lib/gcc/x86_64-linux-gnu/10/../../../x86_64-linux-gnu/crti.o /usr/lib/gcc/x86_64-linux-gnu/10/crtbeginS.o -L/usr/lib/gcc/x86_64-linux-gnu/10 -L/usr/lib/gcc/x86_64-linux-gnu/10/../../../x86_64-linux-gnu -L/usr/lib/gcc/x86_64-linux-gnu/10/../../../../lib -L/lib/x86_64-linux-gnu -L/lib/../lib -L/usr/lib/x86_64-linux-gnu -L/usr/lib/../lib -L/usr/lib/gcc/x86_64-linux-gnu/10/../../.. CMakeFiles/cmTC_132d9.dir/CMakeCCompilerABI.c.o -lgcc --push-state --as-needed -lgcc_s --pop-state -lc -lgcc --push-state --as-needed -lgcc_s --pop-state /usr/lib/gcc/x86_64-linux-gnu/10/crtendS.o /usr/lib/gcc/x86_64-linux-gnu/10/../../../x86_64-linux-gnu/crtn.o
COLLECT_GCC_OPTIONS='-v' '-o' 'cmTC_132d9' '-mtune=generic' '-march=x86-64'
gmake[1]: Leaving directory '/home/ethereal/Downloads/minetest/CMakeFiles/CMakeTmp'



Parsed C implicit include dir info from above output: rv=done
  found start of include info
  found start of implicit include info
    add: [/usr/lib/gcc/x86_64-linux-gnu/10/include]
    add: [/usr/include/x86_64-linux-gnu]
    add: [/usr/include]
  end of search list found
  collapse include dir [/usr/lib/gcc/x86_64-linux-gnu/10/include] ==> [/usr/lib/gcc/x86_64-linux-gnu/10/include]
  collapse include dir [/usr/include/x86_64-linux-gnu] ==> [/usr/include/x86_64-linux-gnu]
  collapse include dir [/usr/include] ==> [/usr/include]
  implicit include dirs: [/usr/lib/gcc/x86_64-linux-gnu/10/include;/usr/include/x86_64-linux-gnu;/usr/include]


Parsed C implicit link information from above output:
  link line regex: [^( *|.*[/\])(ld|CMAKE_LINK_STARTFILE-NOTFOUND|([^/\]+-)?ld|collect2)[^/\]*( |$)]
  ignore line: [Change Dir: /home/ethereal/Downloads/minetest/CMakeFiles/CMakeTmp]
  ignore line: []
  ignore line: [Run Build Command(s):/usr/bin/gmake cmTC_132d9/fast && /usr/bin/gmake  -f CMakeFiles/cmTC_132d9.dir/build.make CMakeFiles/cmTC_132d9.dir/build]
  ignore line: [gmake[1]: Entering directory '/home/ethereal/Downloads/minetest/CMakeFiles/CMakeTmp']
  ignore line: [Building C object CMakeFiles/cmTC_132d9.dir/CMakeCCompilerABI.c.o]
  ignore line: [/usr/bin/cc   -v -o CMakeFiles/cmTC_132d9.dir/CMakeCCompilerABI.c.o -c /usr/share/cmake-3.18/Modules/CMakeCCompilerABI.c]
  ignore line: [Using built-in specs.]
  ignore line: [COLLECT_GCC=/usr/bin/cc]
  ignore line: [OFFLOAD_TARGET_NAMES=nvptx-none:amdgcn-amdhsa:hsa]
  ignore line: [OFFLOAD_TARGET_DEFAULT=1]
  ignore line: [Target: x86_64-linux-gnu]
  ignore line: [Configured with: ../src/configure -v --with-pkgversion='Debian 10.2.1-6' --with-bugurl=file:///usr/share/doc/gcc-10/README.Bugs --enable-languages=c ada c++ go brig d fortran objc obj-c++ m2 --prefix=/usr --with-gcc-major-version-only --program-suffix=-10 --program-prefix=x86_64-linux-gnu- --enable-shared --enable-linker-build-id --libexecdir=/usr/lib --without-included-gettext --enable-threads=posix --libdir=/usr/lib --enable-nls --enable-bootstrap --enable-clocale=gnu --enable-libstdcxx-debug --enable-libstdcxx-time=yes --with-default-libstdcxx-abi=new --enable-gnu-unique-object --disable-vtable-verify --enable-plugin --enable-default-pie --with-system-zlib --enable-libphobos-checking=release --with-target-system-zlib=auto --enable-objc-gc=auto --enable-multiarch --disable-werror --with-arch-32=i686 --with-abi=m64 --with-multilib-list=m32 m64 mx32 --enable-multilib --with-tune=generic --enable-offload-targets=nvptx-none=/build/gcc-10-Km9U7s/gcc-10-10.2.1/debian/tmp-nvptx/usr amdgcn-amdhsa=/build/gcc-10-Km9U7s/gcc-10-10.2.1/debian/tmp-gcn/usr hsa --without-cuda-driver --enable-checking=release --build=x86_64-linux-gnu --host=x86_64-linux-gnu --target=x86_64-linux-gnu --with-build-config=bootstrap-lto-lean --enable-link-mutex]
  ignore line: [Thread model: posix]
  ignore line: [Supported LTO compression algorithms: zlib zstd]
  ignore line: [gcc version 10.2.1 20210110 (Debian 10.2.1-6) ]
  ignore line: [COLLECT_GCC_OPTIONS='-v' '-o' 'CMakeFiles/cmTC_132d9.dir/CMakeCCompilerABI.c.o' '-c' '-mtune=generic' '-march=x86-64']
  ignore line: [ /usr/lib/gcc/x86_64-linux-gnu/10/cc1 -quiet -v -imultiarch x86_64-linux-gnu /usr/share/cmake-3.18/Modules/CMakeCCompilerABI.c -quiet -dumpbase CMakeCCompilerABI.c -mtune=generic -march=x86-64 -auxbase-strip CMakeFiles/cmTC_132d9.dir/CMakeCCompilerABI.c.o -version -fasynchronous-unwind-tables -o /tmp/ccy62Eb8.s]
  ignore line: [GNU C17 (Debian 10.2.1-6) version 10.2.1 20210110 (x86_64-linux-gnu)]
  ignore line: [	compiled by GNU C version 10.2.1 20210110  GMP version 6.2.1  MPFR version 4.1.0  MPC version 1.2.0  isl version isl-0.23-GMP]
  ignore line: []
  ignore line: [GGC heuristics: --param ggc-min-expand=100 --param ggc-min-heapsize=131072]
  ignore line: [ignoring nonexistent directory "/usr/local/include/x86_64-linux-gnu"]
  ignore line: [ignoring nonexistent directory "/usr/local/include"]
  ignore line: [ignoring nonexistent directory "/usr/lib/gcc/x86_64-linux-gnu/10/include-fixed"]
  ignore line: [ignoring nonexistent directory "/usr/lib/gcc/x86_64-linux-gnu/10/../../../../x86_64-linux-gnu/include"]
  ignore line: [#include "..." search starts here:]
  ignore line: [#include <...> search starts here:]
  ignore line: [ /usr/lib/gcc/x86_64-linux-gnu/10/include]
  ignore line: [ /usr/include/x86_64-linux-gnu]
  ignore line: [ /usr/include]
  ignore line: [End of search list.]
  ignore line: [GNU C17 (Debian 10.2.1-6) version 10.2.1 20210110 (x86_64-linux-gnu)]
  ignore line: [	compiled by GNU C version 10.2.1 20210110  GMP version 6.2.1  MPFR version 4.1.0  MPC version 1.2.0  isl version isl-0.23-GMP]
  ignore line: []
  ignore line: [GGC heuristics: --param ggc-min-expand=100 --param ggc-min-heapsize=131072]
  ignore line: [Compiler executable checksum: 1f803793fa2e3418c492b25e7d3eac2f]
  ignore line: [COLLECT_GCC_OPTIONS='-v' '-o' 'CMakeFiles/cmTC_132d9.dir/CMakeCCompilerABI.c.o' '-c' '-mtune=generic' '-march=x86-64']
  ignore line: [ as -v --64 -o CMakeFiles/cmTC_132d9.dir/CMakeCCompilerABI.c.o /tmp/ccy62Eb8.s]
  ignore line: [GNU assembler version 2.35.2 (x86_64-linux-gnu) using BFD version (GNU Binutils for Debian) 2.35.2]
  ignore line: [COMPILER_PATH=/usr/lib/gcc/x86_64-linux-gnu/10/:/usr/lib/gcc/x86_64-linux-gnu/10/:/usr/lib/gcc/x86_64-linux-gnu/:/usr/lib/gcc/x86_64-linux-gnu/10/:/usr/lib/gcc/x86_64-linux-gnu/]
  ignore line: [LIBRARY_PATH=/usr/lib/gcc/x86_64-linux-gnu/10/:/usr/lib/gcc/x86_64-linux-gnu/10/../../../x86_64-linux-gnu/:/usr/lib/gcc/x86_64-linux-gnu/10/../../../../lib/:/lib/x86_64-linux-gnu/:/lib/../lib/:/usr/lib/x86_64-linux-gnu/:/usr/lib/../lib/:/usr/lib/gcc/x86_64-linux-gnu/10/../../../:/lib/:/usr/lib/]
  ignore line: [COLLECT_GCC_OPTIONS='-v' '-o' 'CMakeFiles/cmTC_132d9.dir/CMakeCCompilerABI.c.o' '-c' '-mtune=generic' '-march=x86-64']
  ignore line: [Linking C executable cmTC_132d9]
  ignore line: [/usr/bin/cmake -E cmake_link_script CMakeFiles/cmTC_132d9.dir/link.txt --verbose=1]
  ignore line: [/usr/bin/cc  -v CMakeFiles/cmTC_132d9.dir/CMakeCCompilerABI.c.o -o cmTC_132d9 ]
  ignore line: [Using built-in specs.]
  ignore line: [COLLECT_GCC=/usr/bin/cc]
  ignore line: [COLLECT_LTO_WRAPPER=/usr/lib/gcc/x86_64-linux-gnu/10/lto-wrapper]
  ignore line: [OFFLOAD_TARGET_NAMES=nvptx-none:amdgcn-amdhsa:hsa]
  ignore line: [OFFLOAD_TARGET_DEFAULT=1]
  ignore line: [Target: x86_64-linux-gnu]
  ignore line: [Configured with: ../src/configure -v --with-pkgversion='Debian 10.2.1-6' --with-bugurl=file:///usr/share/doc/gcc-10/README.Bugs --enable-languages=c ada c++ go brig d fortran objc obj-c++ m2 --prefix=/usr --with-gcc-major-version-only --program-suffix=-10 --program-prefix=x86_64-linux-gnu- --enable-shared --enable-linker-build-id --libexecdir=/usr/lib --without-included-gettext --enable-threads=posix --libdir=/usr/lib --enable-nls --enable-bootstrap --enable-clocale=gnu --enable-libstdcxx-debug --enable-libstdcxx-time=yes --with-default-libstdcxx-abi=new --enable-gnu-unique-object --disable-vtable-verify --enable-plugin --enable-default-pie --with-system-zlib --enable-libphobos-checking=release --with-target-system-zlib=auto --enable-objc-gc=auto --enable-multiarch --disable-werror --with-arch-32=i686 --with-abi=m64 --with-multilib-list=m32 m64 mx32 --enable-multilib --with-tune=generic --enable-offload-targets=nvptx-none=/build/gcc-10-Km9U7s/gcc-10-10.2.1/debian/tmp-nvptx/usr amdgcn-amdhsa=/build/gcc-10-Km9U7s/gcc-10-10.2.1/debian/tmp-gcn/usr hsa --without-cuda-driver --enable-checking=release --build=x86_64-linux-gnu --host=x86_64-linux-gnu --target=x86_64-linux-gnu --with-build-config=bootstrap-lto-lean --enable-link-mutex]
  ignore line: [Thread model: posix]
  ignore line: [Supported LTO compression algorithms: zlib zstd]
  ignore line: [gcc version 10.2.1 20210110 (Debian 10.2.1-6) ]
  ignore line: [COMPILER_PATH=/usr/lib/gcc/x86_64-linux-gnu/10/:/usr/lib/gcc/x86_64-linux-gnu/10/:/usr/lib/gcc/x86_64-linux-gnu/:/usr/lib/gcc/x86_64-linux-gnu/10/:/usr/lib/gcc/x86_64-linux-gnu/]
  ignore line: [LIBRARY_PATH=/usr/lib/gcc/x86_64-linux-gnu/10/:/usr/lib/gcc/x86_64-linux-gnu/10/../../../x86_64-linux-gnu/:/usr/lib/gcc/x86_64-linux-gnu/10/../../../../lib/:/lib/x86_64-linux-gnu/:/lib/../lib/:/usr/lib/x86_64-linux-gnu/:/usr/lib/../lib/:/usr/lib/gcc/x86_64-linux-gnu/10/../../../:/lib/:/usr/lib/]
  ignore line: [COLLECT_GCC_OPTIONS='-v' '-o' 'cmTC_132d9' '-mtune=generic' '-march=x86-64']
  link line: [ /usr/lib/gcc/x86_64-linux-gnu/10/collect2 -plugin /usr/lib/gcc/x86_64-linux-gnu/10/liblto_plugin.so -plugin-opt=/usr/lib/gcc/x86_64-linux-gnu/10/lto-wrapper -plugin-opt=-fresolution=/tmp/cccovKkK.res -plugin-opt=-pass-through=-lgcc -plugin-opt=-pass-through=-lgcc_s -plugin-opt=-pass-through=-lc -plugin-opt=-pass-through=-lgcc -plugin-opt=-pass-through=-lgcc_s --build-id --eh-frame-hdr -m elf_x86_64 --hash-style=gnu --as-needed -dynamic-linker /lib64/ld-linux-x86-64.so.2 -pie -o cmTC_132d9 /usr/lib/gcc/x86_64-linux-gnu/10/../../../x86_64-linux-gnu/Scrt1.o /usr/lib/gcc/x86_64-linux-gnu/10/../../../x86_64-linux-gnu/crti.o /usr/lib/gcc/x86_64-linux-gnu/10/crtbeginS.o -L/usr/lib/gcc/x86_64-linux-gnu/10 -L/usr/lib/gcc/x86_64-linux-gnu/10/../../../x86_64-linux-gnu -L/usr/lib/gcc/x86_64-linux-gnu/10/../../../../lib -L/lib/x86_64-linux-gnu -L/lib/../lib -L/usr/lib/x86_64-linux-gnu -L/usr/lib/../lib -L/usr/lib/gcc/x86_64-linux-gnu/10/../../.. CMakeFiles/cmTC_132d9.dir/CMakeCCompilerABI.c.o -lgcc --push-state --as-needed -lgcc_s --pop-state -lc -lgcc --push-state --as-needed -lgcc_s --pop-state /usr/lib/gcc/x86_64-linux-gnu/10/crtendS.o /usr/lib/gcc/x86_64-linux-gnu/10/../../../x86_64-linux-gnu/crtn.o]
    arg [/usr/lib/gcc/x86_64-linux-gnu/10/collect2] ==> ignore
    arg [-plugin] ==> ignore
    arg [/usr/lib/gcc/x86_64-linux-gnu/10/liblto_plugin.so] ==> ignore
    arg [-plugin-opt=/usr/lib/gcc/x86_64-linux-gnu/10/lto-wrapper] ==> ignore
    arg [-plugin-opt=-fresolution=/tmp/cccovKkK.res] ==> ignore
    arg [-plugin-opt=-pass-through=-lgcc] ==> ignore
    arg [-plugin-opt=-pass-through=-lgcc_s] ==> ignore
    arg [-plugin-opt=-pass-through=-lc] ==> ignore
    arg [-plugin-opt=-pass-through=-lgcc] ==> ignore
    arg [-plugin-opt=-pass-through=-lgcc_s] ==> ignore
    arg [--build-id] ==> ignore
    arg [--eh-frame-hdr] ==> ignore
    arg [-m] ==> ignore
    arg [elf_x86_64] ==> ignore
    arg [--hash-style=gnu] ==> ignore
    arg [--as-needed] ==> ignore
    arg [-dynamic-linker] ==> ignore
    arg [/lib64/ld-linux-x86-64.so.2] ==> ignore
    arg [-pie] ==> ignore
    arg [-o] ==> ignore
    arg [cmTC_132d9] ==> ignore
    arg [/usr/lib/gcc/x86_64-linux-gnu/10/../../../x86_64-linux-gnu/Scrt1.o] ==> ignore
    arg [/usr/lib/gcc/x86_64-linux-gnu/10/../../../x86_64-linux-gnu/crti.o] ==> ignore
    arg [/usr/lib/gcc/x86_64-linux-gnu/10/crtbeginS.o] ==> ignore
    arg [-L/usr/lib/gcc/x86_64-linux-gnu/10] ==> dir [/usr/lib/gcc/x86_64-linux-gnu/10]
    arg [-L/usr/lib/gcc/x86_64-linux-gnu/10/../../../x86_64-linux-gnu] ==> dir [/usr/lib/gcc/x86_64-linux-gnu/10/../../../x86_64-linux-gnu]
    arg [-L/usr/lib/gcc/x86_64-linux-gnu/10/../../../../lib] ==> dir [/usr/lib/gcc/x86_64-linux-gnu/10/../../../../lib]
    arg [-L/lib/x86_64-linux-gnu] ==> dir [/lib/x86_64-linux-gnu]
    arg [-L/lib/../lib] ==> dir [/lib/../lib]
    arg [-L/usr/lib/x86_64-linux-gnu] ==> dir [/usr/lib/x86_64-linux-gnu]
    arg [-L/usr/lib/../lib] ==> dir [/usr/lib/../lib]
    arg [-L/usr/lib/gcc/x86_64-linux-gnu/10/../../..] ==> dir [/usr/lib/gcc/x86_64-linux-gnu/10/../../..]
    arg [CMakeFiles/cmTC_132d9.dir/CMakeCCompilerABI.c.o] ==> ignore
    arg [-lgcc] ==> lib [gcc]
    arg [--push-state] ==> ignore
    arg [--as-needed] ==> ignore
    arg [-lgcc_s] ==> lib [gcc_s]
    arg [--pop-state] ==> ignore
    arg [-lc] ==> lib [c]
    arg [-lgcc] ==> lib [gcc]
    arg [--push-state] ==> ignore
    arg [--as-needed] ==> ignore
    arg [-lgcc_s] ==> lib [gcc_s]
    arg [--pop-state] ==> ignore
    arg [/usr/lib/gcc/x86_64-linux-gnu/10/crtendS.o] ==> ignore
    arg [/usr/lib/gcc/x86_64-linux-gnu/10/../../../x86_64-linux-gnu/crtn.o] ==> ignore
  collapse library dir [/usr/lib/gcc/x86_64-linux-gnu/10] ==> [/usr/lib/gcc/x86_64-linux-gnu/10]
  collapse library dir [/usr/lib/gcc/x86_64-linux-gnu/10/../../../x86_64-linux-gnu] ==> [/usr/lib/x86_64-linux-gnu]
  collapse library dir [/usr/lib/gcc/x86_64-linux-gnu/10/../../../../lib] ==> [/usr/lib]
  collapse library dir [/lib/x86_64-linux-gnu] ==> [/lib/x86_64-linux-gnu]
  collapse library dir [/lib/../lib] ==> [/lib]
  collapse library dir [/usr/lib/x86_64-linux-gnu] ==> [/usr/lib/x86_64-linux-gnu]
  collapse library dir [/usr/lib/../lib] ==> [/usr/lib]
  collapse library dir [/usr/lib/gcc/x86_64-linux-gnu/10/../../..] ==> [/usr/lib]
  implicit libs: [gcc;gcc_s;c;gcc;gcc_s]
  implicit dirs: [/usr/lib/gcc/x86_64-linux-gnu/10;/usr/lib/x86_64-linux-gnu;/usr/lib;/lib/x86_64-linux-gnu;/lib]
  implicit fwks: []


Detecting CXX compiler ABI info compiled with the following output:
Change Dir: /home/ethereal/Downloads/minetest/CMakeFiles/CMakeTmp

Run Build Command(s):/usr/bin/gmake cmTC_d7e1b/fast && /usr/bin/gmake  -f CMakeFiles/cmTC_d7e1b.dir/build.make CMakeFiles/cmTC_d7e1b.dir/build
gmake[1]: Entering directory '/home/ethereal/Downloads/minetest/CMakeFiles/CMakeTmp'
Building CXX object CMakeFiles/cmTC_d7e1b.dir/CMakeCXXCompilerABI.cpp.o
/usr/bin/c++   -v -o CMakeFiles/cmTC_d7e1b.dir/CMakeCXXCompilerABI.cpp.o -c /usr/share/cmake-3.18/Modules/CMakeCXXCompilerABI.cpp
Using built-in specs.
COLLECT_GCC=/usr/bin/c++
OFFLOAD_TARGET_NAMES=nvptx-none:amdgcn-amdhsa:hsa
OFFLOAD_TARGET_DEFAULT=1
Target: x86_64-linux-gnu
Configured with: ../src/configure -v --with-pkgversion='Debian 10.2.1-6' --with-bugurl=file:///usr/share/doc/gcc-10/README.Bugs --enable-languages=c,ada,c++,go,brig,d,fortran,objc,obj-c++,m2 --prefix=/usr --with-gcc-major-version-only --program-suffix=-10 --program-prefix=x86_64-linux-gnu- --enable-shared --enable-linker-build-id --libexecdir=/usr/lib --without-included-gettext --enable-threads=posix --libdir=/usr/lib --enable-nls --enable-bootstrap --enable-clocale=gnu --enable-libstdcxx-debug --enable-libstdcxx-time=yes --with-default-libstdcxx-abi=new --enable-gnu-unique-object --disable-vtable-verify --enable-plugin --enable-default-pie --with-system-zlib --enable-libphobos-checking=release --with-target-system-zlib=auto --enable-objc-gc=auto --enable-multiarch --disable-werror --with-arch-32=i686 --with-abi=m64 --with-multilib-list=m32,m64,mx32 --enable-multilib --with-tune=generic --enable-offload-targets=nvptx-none=/build/gcc-10-Km9U7s/gcc-10-10.2.1/debian/tmp-nvptx/usr,amdgcn-amdhsa=/build/gcc-10-Km9U7s/gcc-10-10.2.1/debian/tmp-gcn/usr,hsa --without-cuda-driver --enable-checking=release --build=x86_64-linux-gnu --host=x86_64-linux-gnu --target=x86_64-linux-gnu --with-build-config=bootstrap-lto-lean --enable-link-mutex
Thread model: posix
Supported LTO compression algorithms: zlib zstd
gcc version 10.2.1 20210110 (Debian 10.2.1-6) 
COLLECT_GCC_OPTIONS='-v' '-o' 'CMakeFiles/cmTC_d7e1b.dir/CMakeCXXCompilerABI.cpp.o' '-c' '-shared-libgcc' '-mtune=generic' '-march=x86-64'
 /usr/lib/gcc/x86_64-linux-gnu/10/cc1plus -quiet -v -imultiarch x86_64-linux-gnu -D_GNU_SOURCE /usr/share/cmake-3.18/Modules/CMakeCXXCompilerABI.cpp -quiet -dumpbase CMakeCXXCompilerABI.cpp -mtune=generic -march=x86-64 -auxbase-strip CMakeFiles/cmTC_d7e1b.dir/CMakeCXXCompilerABI.cpp.o -version -fasynchronous-unwind-tables -o /tmp/ccNE8Gwh.s
GNU C++14 (Debian 10.2.1-6) version 10.2.1 20210110 (x86_64-linux-gnu)
	compiled by GNU C version 10.2.1 20210110, GMP version 6.2.1, MPFR version 4.1.0, MPC version 1.2.0, isl version isl-0.23-GMP

GGC heuristics: --param ggc-min-expand=100 --param ggc-min-heapsize=131072
ignoring duplicate directory "/usr/include/x86_64-linux-gnu/c++/10"
ignoring nonexistent directory "/usr/local/include/x86_64-linux-gnu"
ignoring nonexistent directory "/usr/local/include"
ignoring nonexistent directory "/usr/lib/gcc/x86_64-linux-gnu/10/include-fixed"
ignoring nonexistent directory "/usr/lib/gcc/x86_64-linux-gnu/10/../../../../x86_64-linux-gnu/include"
#include "..." search starts here:
#include <...> search starts here:
 /usr/include/c++/10
 /usr/include/x86_64-linux-gnu/c++/10
 /usr/include/c++/10/backward
 /usr/lib/gcc/x86_64-linux-gnu/10/include
 /usr/include/x86_64-linux-gnu
 /usr/include
End of search list.
GNU C++14 (Debian 10.2.1-6) version 10.2.1 20210110 (x86_64-linux-gnu)
	compiled by GNU C version 10.2.1 20210110, GMP version 6.2.1, MPFR version 4.1.0, MPC version 1.2.0, isl version isl-0.23-GMP

GGC heuristics: --param ggc-min-expand=100 --param ggc-min-heapsize=131072
Compiler executable checksum: 048fcaee3460a99eb0d68522358720e1
COLLECT_GCC_OPTIONS='-v' '-o' 'CMakeFiles/cmTC_d7e1b.dir/CMakeCXXCompilerABI.cpp.o' '-c' '-shared-libgcc' '-mtune=generic' '-march=x86-64'
 as -v --64 -o CMakeFiles/cmTC_d7e1b.dir/CMakeCXXCompilerABI.cpp.o /tmp/ccNE8Gwh.s
GNU assembler version 2.35.2 (x86_64-linux-gnu) using BFD version (GNU Binutils for Debian) 2.35.2
COMPILER_PATH=/usr/lib/gcc/x86_64-linux-gnu/10/:/usr/lib/gcc/x86_64-linux-gnu/10/:/usr/lib/gcc/x86_64-linux-gnu/:/usr/lib/gcc/x86_64-linux-gnu/10/:/usr/lib/gcc/x86_64-linux-gnu/
LIBRARY_PATH=/usr/lib/gcc/x86_64-linux-gnu/10/:/usr/lib/gcc/x86_64-linux-gnu/10/../../../x86_64-linux-gnu/:/usr/lib/gcc/x86_64-linux-gnu/10/../../../../lib/:/lib/x86_64-linux-gnu/:/lib/../lib/:/usr/lib/x86_64-linux-gnu/:/usr/lib/../lib/:/usr/lib/gcc/x86_64-linux-gnu/10/../../../:/lib/:/usr/lib/
COLLECT_GCC_OPTIONS='-v' '-o' 'CMakeFiles/cmTC_d7e1b.dir/CMakeCXXCompilerABI.cpp.o' '-c' '-shared-libgcc' '-mtune=generic' '-march=x86-64'
Linking CXX executable cmTC_d7e1b
/usr/bin/cmake -E cmake_link_script CMakeFiles/cmTC_d7e1b.dir/link.txt --verbose=1
/usr/bin/c++  -v CMakeFiles/cmTC_d7e1b.dir/CMakeCXXCompilerABI.cpp.o -o cmTC_d7e1b 
Using built-in specs.
COLLECT_GCC=/usr/bin/c++
COLLECT_LTO_WRAPPER=/usr/lib/gcc/x86_64-linux-gnu/10/lto-wrapper
OFFLOAD_TARGET_NAMES=nvptx-none:amdgcn-amdhsa:hsa
OFFLOAD_TARGET_DEFAULT=1
Target: x86_64-linux-gnu
Configured with: ../src/configure -v --with-pkgversion='Debian 10.2.1-6' --with-bugurl=file:///usr/share/doc/gcc-10/README.Bugs --enable-languages=c,ada,c++,go,brig,d,fortran,objc,obj-c++,m2 --prefix=/usr --with-gcc-major-version-only --program-suffix=-10 --program-prefix=x86_64-linux-gnu- --enable-shared --enable-linker-build-id --libexecdir=/usr/lib --without-included-gettext --enable-threads=posix --libdir=/usr/lib --enable-nls --enable-bootstrap --enable-clocale=gnu --enable-libstdcxx-debug --enable-libstdcxx-time=yes --with-default-libstdcxx-abi=new --enable-gnu-unique-object --disable-vtable-verify --enable-plugin --enable-default-pie --with-system-zlib --enable-libphobos-checking=release --with-target-system-zlib=auto --enable-objc-gc=auto --enable-multiarch --disable-werror --with-arch-32=i686 --with-abi=m64 --with-multilib-list=m32,m64,mx32 --enable-multilib --with-tune=generic --enable-offload-targets=nvptx-none=/build/gcc-10-Km9U7s/gcc-10-10.2.1/debian/tmp-nvptx/usr,amdgcn-amdhsa=/build/gcc-10-Km9U7s/gcc-10-10.2.1/debian/tmp-gcn/usr,hsa --without-cuda-driver --enable-checking=release --build=x86_64-linux-gnu --host=x86_64-linux-gnu --target=x86_64-linux-gnu --with-build-config=bootstrap-lto-lean --enable-link-mutex
Thread model: posix
Supported LTO compression algorithms: zlib zstd
gcc version 10.2.1 20210110 (Debian 10.2.1-6) 
COMPILER_PATH=/usr/lib/gcc/x86_64-linux-gnu/10/:/usr/lib/gcc/x86_64-linux-gnu/10/:/usr/lib/gcc/x86_64-linux-gnu/:/usr/lib/gcc/x86_64-linux-gnu/10/:/usr/lib/gcc/x86_64-linux-gnu/
LIBRARY_PATH=/usr/lib/gcc/x86_64-linux-gnu/10/:/usr/lib/gcc/x86_64-linux-gnu/10/../../../x86_64-linux-gnu/:/usr/lib/gcc/x86_64-linux-gnu/10/../../../../lib/:/lib/x86_64-linux-gnu/:/lib/../lib/:/usr/lib/x86_64-linux-gnu/:/usr/lib/../lib/:/usr/lib/gcc/x86_64-linux-gnu/10/../../../:/lib/:/usr/lib/
COLLECT_GCC_OPTIONS='-v' '-o' 'cmTC_d7e1b' '-shared-libgcc' '-mtune=generic' '-march=x86-64'
 /usr/lib/gcc/x86_64-linux-gnu/10/collect2 -plugin /usr/lib/gcc/x86_64-linux-gnu/10/liblto_plugin.so -plugin-opt=/usr/lib/gcc/x86_64-linux-gnu/10/lto-wrapper -plugin-opt=-fresolution=/tmp/cch5yR3Q.res -plugin-opt=-pass-through=-lgcc_s -plugin-opt=-pass-through=-lgcc -plugin-opt=-pass-through=-lc -plugin-opt=-pass-through=-lgcc_s -plugin-opt=-pass-through=-lgcc --build-id --eh-frame-hdr -m elf_x86_64 --hash-style=gnu --as-needed -dynamic-linker /lib64/ld-linux-x86-64.so.2 -pie -o cmTC_d7e1b /usr/lib/gcc/x86_64-linux-gnu/10/../../../x86_64-linux-gnu/Scrt1.o /usr/lib/gcc/x86_64-linux-gnu/10/../../../x86_64-linux-gnu/crti.o /usr/lib/gcc/x86_64-linux-gnu/10/crtbeginS.o -L/usr/lib/gcc/x86_64-linux-gnu/10 -L/usr/lib/gcc/x86_64-linux-gnu/10/../../../x86_64-linux-gnu -L/usr/lib/gcc/x86_64-linux-gnu/10/../../../../lib -L/lib/x86_64-linux-gnu -L/lib/../lib -L/usr/lib/x86_64-linux-gnu -L/usr/lib/../lib -L/usr/lib/gcc/x86_64-linux-gnu/10/../../.. CMakeFiles/cmTC_d7e1b.dir/CMakeCXXCompilerABI.cpp.o -lstdc++ -lm -lgcc_s -lgcc -lc -lgcc_s -lgcc /usr/lib/gcc/x86_64-linux-gnu/10/crtendS.o /usr/lib/gcc/x86_64-linux-gnu/10/../../../x86_64-linux-gnu/crtn.o
COLLECT_GCC_OPTIONS='-v' '-o' 'cmTC_d7e1b' '-shared-libgcc' '-mtune=generic' '-march=x86-64'
gmake[1]: Leaving directory '/home/ethereal/Downloads/minetest/CMakeFiles/CMakeTmp'



Parsed CXX implicit include dir info from above output: rv=done
  found start of include info
  found start of implicit include info
    add: [/usr/include/c++/10]
    add: [/usr/include/x86_64-linux-gnu/c++/10]
    add: [/usr/include/c++/10/backward]
    add: [/usr/lib/gcc/x86_64-linux-gnu/10/include]
    add: [/usr/include/x86_64-linux-gnu]
    add: [/usr/include]
  end of search list found
  collapse include dir [/usr/include/c++/10] ==> [/usr/include/c++/10]
  collapse include dir [/usr/include/x86_64-linux-gnu/c++/10] ==> [/usr/include/x86_64-linux-gnu/c++/10]
  collapse include dir [/usr/include/c++/10/backward] ==> [/usr/include/c++/10/backward]
  collapse include dir [/usr/lib/gcc/x86_64-linux-gnu/10/include] ==> [/usr/lib/gcc/x86_64-linux-gnu/10/include]
  collapse include dir [/usr/include/x86_64-linux-gnu] ==> [/usr/include/x86_64-linux-gnu]
  collapse include dir [/usr/include] ==> [/usr/include]
  implicit include dirs: [/usr/include/c++/10;/usr/include/x86_64-linux-gnu/c++/10;/usr/include/c++/10/backward;/usr/lib/gcc/x86_64-linux-gnu/10/include;/usr/include/x86_64-linux-gnu;/usr/include]


Parsed CXX implicit link information from above output:
  link line regex: [^( *|.*[/\])(ld|CMAKE_LINK_STARTFILE-NOTFOUND|([^/\]+-)?ld|collect2)[^/\]*( |$)]
  ignore line: [Change Dir: /home/ethereal/Downloads/minetest/CMakeFiles/CMakeTmp]
  ignore line: []
  ignore line: [Run Build Command(s):/usr/bin/gmake cmTC_d7e1b/fast && /usr/bin/gmake  -f CMakeFiles/cmTC_d7e1b.dir/build.make CMakeFiles/cmTC_d7e1b.dir/build]
  ignore line: [gmake[1]: Entering directory '/home/ethereal/Downloads/minetest/CMakeFiles/CMakeTmp']
  ignore line: [Building CXX object CMakeFiles/cmTC_d7e1b.dir/CMakeCXXCompilerABI.cpp.o]
  ignore line: [/usr/bin/c++   -v -o CMakeFiles/cmTC_d7e1b.dir/CMakeCXXCompilerABI.cpp.o -c /usr/share/cmake-3.18/Modules/CMakeCXXCompilerABI.cpp]
  ignore line: [Using built-in specs.]
  ignore line: [COLLECT_GCC=/usr/bin/c++]
  ignore line: [OFFLOAD_TARGET_NAMES=nvptx-none:amdgcn-amdhsa:hsa]
  ignore line: [OFFLOAD_TARGET_DEFAULT=1]
  ignore line: [Target: x86_64-linux-gnu]
  ignore line: [Configured with: ../src/configure -v --with-pkgversion='Debian 10.2.1-6' --with-bugurl=file:///usr/share/doc/gcc-10/README.Bugs --enable-languages=c ada c++ go brig d fortran objc obj-c++ m2 --prefix=/usr --with-gcc-major-version-only --program-suffix=-10 --program-prefix=x86_64-linux-gnu- --enable-shared --enable-linker-build-id --libexecdir=/usr/lib --without-included-gettext --enable-threads=posix --libdir=/usr/lib --enable-nls --enable-bootstrap --enable-clocale=gnu --enable-libstdcxx-debug --enable-libstdcxx-time=yes --with-default-libstdcxx-abi=new --enable-gnu-unique-object --disable-vtable-verify --enable-plugin --enable-default-pie --with-system-zlib --enable-libphobos-checking=release --with-target-system-zlib=auto --enable-objc-gc=auto --enable-multiarch --disable-werror --with-arch-32=i686 --with-abi=m64 --with-multilib-list=m32 m64 mx32 --enable-multilib --with-tune=generic --enable-offload-targets=nvptx-none=/build/gcc-10-Km9U7s/gcc-10-10.2.1/debian/tmp-nvptx/usr amdgcn-amdhsa=/build/gcc-10-Km9U7s/gcc-10-10.2.1/debian/tmp-gcn/usr hsa --without-cuda-driver --enable-checking=release --build=x86_64-linux-gnu --host=x86_64-linux-gnu --target=x86_64-linux-gnu --with-build-config=bootstrap-lto-lean --enable-link-mutex]
  ignore line: [Thread model: posix]
  ignore line: [Supported LTO compression algorithms: zlib zstd]
  ignore line: [gcc version 10.2.1 20210110 (Debian 10.2.1-6) ]
  ignore line: [COLLECT_GCC_OPTIONS='-v' '-o' 'CMakeFiles/cmTC_d7e1b.dir/CMakeCXXCompilerABI.cpp.o' '-c' '-shared-libgcc' '-mtune=generic' '-march=x86-64']
  ignore line: [ /usr/lib/gcc/x86_64-linux-gnu/10/cc1plus -quiet -v -imultiarch x86_64-linux-gnu -D_GNU_SOURCE /usr/share/cmake-3.18/Modules/CMakeCXXCompilerABI.cpp -quiet -dumpbase CMakeCXXCompilerABI.cpp -mtune=generic -march=x86-64 -auxbase-strip CMakeFiles/cmTC_d7e1b.dir/CMakeCXXCompilerABI.cpp.o -version -fasynchronous-unwind-tables -o /tmp/ccNE8Gwh.s]
  ignore line: [GNU C++14 (Debian 10.2.1-6) version 10.2.1 20210110 (x86_64-linux-gnu)]
  ignore line: [	compiled by GNU C version 10.2.1 20210110  GMP version 6.2.1  MPFR version 4.1.0  MPC version 1.2.0  isl version isl-0.23-GMP]
  ignore line: []
  ignore line: [GGC heuristics: --param ggc-min-expand=100 --param ggc-min-heapsize=131072]
  ignore line: [ignoring duplicate directory "/usr/include/x86_64-linux-gnu/c++/10"]
  ignore line: [ignoring nonexistent directory "/usr/local/include/x86_64-linux-gnu"]
  ignore line: [ignoring nonexistent directory "/usr/local/include"]
  ignore line: [ignoring nonexistent directory "/usr/lib/gcc/x86_64-linux-gnu/10/include-fixed"]
  ignore line: [ignoring nonexistent directory "/usr/lib/gcc/x86_64-linux-gnu/10/../../../../x86_64-linux-gnu/include"]
  ignore line: [#include "..." search starts here:]
  ignore line: [#include <...> search starts here:]
  ignore line: [ /usr/include/c++/10]
  ignore line: [ /usr/include/x86_64-linux-gnu/c++/10]
  ignore line: [ /usr/include/c++/10/backward]
  ignore line: [ /usr/lib/gcc/x86_64-linux-gnu/10/include]
  ignore line: [ /usr/include/x86_64-linux-gnu]
  ignore line: [ /usr/include]
  ignore line: [End of search list.]
  ignore line: [GNU C++14 (Debian 10.2.1-6) version 10.2.1 20210110 (x86_64-linux-gnu)]
  ignore line: [	compiled by GNU C version 10.2.1 20210110  GMP version 6.2.1  MPFR version 4.1.0  MPC version 1.2.0  isl version isl-0.23-GMP]
  ignore line: []
  ignore line: [GGC heuristics: --param ggc-min-expand=100 --param ggc-min-heapsize=131072]
  ignore line: [Compiler executable checksum: 048fcaee3460a99eb0d68522358720e1]
  ignore line: [COLLECT_GCC_OPTIONS='-v' '-o' 'CMakeFiles/cmTC_d7e1b.dir/CMakeCXXCompilerABI.cpp.o' '-c' '-shared-libgcc' '-mtune=generic' '-march=x86-64']
  ignore line: [ as -v --64 -o CMakeFiles/cmTC_d7e1b.dir/CMakeCXXCompilerABI.cpp.o /tmp/ccNE8Gwh.s]
  ignore line: [GNU assembler version 2.35.2 (x86_64-linux-gnu) using BFD version (GNU Binutils for Debian) 2.35.2]
  ignore line: [COMPILER_PATH=/usr/lib/gcc/x86_64-linux-gnu/10/:/usr/lib/gcc/x86_64-linux-gnu/10/:/usr/lib/gcc/x86_64-linux-gnu/:/usr/lib/gcc/x86_64-linux-gnu/10/:/usr/lib/gcc/x86_64-linux-gnu/]
  ignore line: [LIBRARY_PATH=/usr/lib/gcc/x86_64-linux-gnu/10/:/usr/lib/gcc/x86_64-linux-gnu/10/../../../x86_64-linux-gnu/:/usr/lib/gcc/x86_64-linux-gnu/10/../../../../lib/:/lib/x86_64-linux-gnu/:/lib/../lib/:/usr/lib/x86_64-linux-gnu/:/usr/lib/../lib/:/usr/lib/gcc/x86_64-linux-gnu/10/../../../:/lib/:/usr/lib/]
  ignore line: [COLLECT_GCC_OPTIONS='-v' '-o' 'CMakeFiles/cmTC_d7e1b.dir/CMakeCXXCompilerABI.cpp.o' '-c' '-shared-libgcc' '-mtune=generic' '-march=x86-64']
  ignore line: [Linking CXX executable cmTC_d7e1b]
  ignore line: [/usr/bin/cmake -E cmake_link_script CMakeFiles/cmTC_d7e1b.dir/link.txt --verbose=1]
  ignore line: [/usr/bin/c++  -v CMakeFiles/cmTC_d7e1b.dir/CMakeCXXCompilerABI.cpp.o -o cmTC_d7e1b ]
  ignore line: [Using built-in specs.]
  ignore line: [COLLECT_GCC=/usr/bin/c++]
  ignore line: [COLLECT_LTO_WRAPPER=/usr/lib/gcc/x86_64-linux-gnu/10/lto-wrapper]
  ignore line: [OFFLOAD_TARGET_NAMES=nvptx-none:amdgcn-amdhsa:hsa]
  ignore line: [OFFLOAD_TARGET_DEFAULT=1]
  ignore line: [Target: x86_64-linux-gnu]
  ignore line: [Configured with: ../src/configure -v --with-pkgversion='Debian 10.2.1-6' --with-bugurl=file:///usr/share/doc/gcc-10/README.Bugs --enable-languages=c ada c++ go brig d fortran objc obj-c++ m2 --prefix=/usr --with-gcc-major-version-only --program-suffix=-10 --program-prefix=x86_64-linux-gnu- --enable-shared --enable-linker-build-id --libexecdir=/usr/lib --without-included-gettext --enable-threads=posix --libdir=/usr/lib --enable-nls --enable-bootstrap --enable-clocale=gnu --enable-libstdcxx-debug --enable-libstdcxx-time=yes --with-default-libstdcxx-abi=new --enable-gnu-unique-object --disable-vtable-verify --enable-plugin --enable-default-pie --with-system-zlib --enable-libphobos-checking=release --with-target-system-zlib=auto --enable-objc-gc=auto --enable-multiarch --disable-werror --with-arch-32=i686 --with-abi=m64 --with-multilib-list=m32 m64 mx32 --enable-multilib --with-tune=generic --enable-offload-targets=nvptx-none=/build/gcc-10-Km9U7s/gcc-10-10.2.1/debian/tmp-nvptx/usr amdgcn-amdhsa=/build/gcc-10-Km9U7s/gcc-10-10.2.1/debian/tmp-gcn/usr hsa --without-cuda-driver --enable-checking=release --build=x86_64-linux-gnu --host=x86_64-linux-gnu --target=x86_64-linux-gnu --with-build-config=bootstrap-lto-lean --enable-link-mutex]
  ignore line: [Thread model: posix]
  ignore line: [Supported LTO compression algorithms: zlib zstd]
  ignore line: [gcc version 10.2.1 20210110 (Debian 10.2.1-6) ]
  ignore line: [COMPILER_PATH=/usr/lib/gcc/x86_64-linux-gnu/10/:/usr/lib/gcc/x86_64-linux-gnu/10/:/usr/lib/gcc/x86_64-linux-gnu/:/usr/lib/gcc/x86_64-linux-gnu/10/:/usr/lib/gcc/x86_64-linux-gnu/]
  ignore line: [LIBRARY_PATH=/usr/lib/gcc/x86_64-linux-gnu/10/:/usr/lib/gcc/x86_64-linux-gnu/10/../../../x86_64-linux-gnu/:/usr/lib/gcc/x86_64-linux-gnu/10/../../../../lib/:/lib/x86_64-linux-gnu/:/lib/../lib/:/usr/lib/x86_64-linux-gnu/:/usr/lib/../lib/:/usr/lib/gcc/x86_64-linux-gnu/10/../../../:/lib/:/usr/lib/]
  ignore line: [COLLECT_GCC_OPTIONS='-v' '-o' 'cmTC_d7e1b' '-shared-libgcc' '-mtune=generic' '-march=x86-64']
  link line: [ /usr/lib/gcc/x86_64-linux-gnu/10/collect2 -plugin /usr/lib/gcc/x86_64-linux-gnu/10/liblto_plugin.so -plugin-opt=/usr/lib/gcc/x86_64-linux-gnu/10/lto-wrapper -plugin-opt=-fresolution=/tmp/cch5yR3Q.res -plugin-opt=-pass-through=-lgcc_s -plugin-opt=-pass-through=-lgcc -plugin-opt=-pass-through=-lc -plugin-opt=-pass-through=-lgcc_s -plugin-opt=-pass-through=-lgcc --build-id --eh-frame-hdr -m elf_x86_64 --hash-style=gnu --as-needed -dynamic-linker /lib64/ld-linux-x86-64.so.2 -pie -o cmTC_d7e1b /usr/lib/gcc/x86_64-linux-gnu/10/../../../x86_64-linux-gnu/Scrt1.o /usr/lib/gcc/x86_64-linux-gnu/10/../../../x86_64-linux-gnu/crti.o /usr/lib/gcc/x86_64-linux-gnu/10/crtbeginS.o -L/usr/lib/gcc/x86_64-linux-gnu/10 -L/usr/lib/gcc/x86_64-linux-gnu/10/../../../x86_64-linux-gnu -L/usr/lib/gcc/x86_64-linux-gnu/10/../../../../lib -L/lib/x86_64-linux-gnu -L/lib/../lib -L/usr/lib/x86_64-linux-gnu -L/usr/lib/../lib -L/usr/lib/gcc/x86_64-linux-gnu/10/../../.. CMakeFiles/cmTC_d7e1b.dir/CMakeCXXCompilerABI.cpp.o -lstdc++ -lm -lgcc_s -lgcc -lc -lgcc_s -lgcc /usr/lib/gcc/x86_64-linux-gnu/10/crtendS.o /usr/lib/gcc/x86_64-linux-gnu/10/../../../x86_64-linux-gnu/crtn.o]
    arg [/usr/lib/gcc/x86_64-linux-gnu/10/collect2] ==> ignore
    arg [-plugin] ==> ignore
    arg [/usr/lib/gcc/x86_64-linux-gnu/10/liblto_plugin.so] ==> ignore
    arg [-plugin-opt=/usr/lib/gcc/x86_64-linux-gnu/10/lto-wrapper] ==> ignore
    arg [-plugin-opt=-fresolution=/tmp/cch5yR3Q.res] ==> ignore
    arg [-plugin-opt=-pass-through=-lgcc_s] ==> ignore
    arg [-plugin-opt=-pass-through=-lgcc] ==> ignore
    arg [-plugin-opt=-pass-through=-lc] ==> ignore
    arg [-plugin-opt=-pass-through=-lgcc_s] ==> ignore
    arg [-plugin-opt=-pass-through=-lgcc] ==> ignore
    arg [--build-id] ==> ignore
    arg [--eh-frame-hdr] ==> ignore
    arg [-m] ==> ignore
    arg [elf_x86_64] ==> ignore
    arg [--hash-style=gnu] ==> ignore
    arg [--as-needed] ==> ignore
    arg [-dynamic-linker] ==> ignore
    arg [/lib64/ld-linux-x86-64.so.2] ==> ignore
    arg [-pie] ==> ignore
    arg [-o] ==> ignore
    arg [cmTC_d7e1b] ==> ignore
    arg [/usr/lib/gcc/x86_64-linux-gnu/10/../../../x86_64-linux-gnu/Scrt1.o] ==> ignore
    arg [/usr/lib/gcc/x86_64-linux-gnu/10/../../../x86_64-linux-gnu/crti.o] ==> ignore
    arg [/usr/lib/gcc/x86_64-linux-gnu/10/crtbeginS.o] ==> ignore
    arg [-L/usr/lib/gcc/x86_64-linux-gnu/10] ==> dir [/usr/lib/gcc/x86_64-linux-gnu/10]
    arg [-L/usr/lib/gcc/x86_64-linux-gnu/10/../../../x86_64-linux-gnu] ==> dir [/usr/lib/gcc/x86_64-linux-gnu/10/../../../x86_64-linux-gnu]
    arg [-L/usr/lib/gcc/x86_64-linux-gnu/10/../../../../lib] ==> dir [/usr/lib/gcc/x86_64-linux-gnu/10/../../../../lib]
    arg [-L/lib/x86_64-linux-gnu] ==> dir [/lib/x86_64-linux-gnu]
    arg [-L/lib/../lib] ==> dir [/lib/../lib]
    arg [-L/usr/lib/x86_64-linux-gnu] ==> dir [/usr/lib/x86_64-linux-gnu]
    arg [-L/usr/lib/../lib] ==> dir [/usr/lib/../lib]
    arg [-L/usr/lib/gcc/x86_64-linux-gnu/10/../../..] ==> dir [/usr/lib/gcc/x86_64-linux-gnu/10/../../..]
    arg [CMakeFiles/cmTC_d7e1b.dir/CMakeCXXCompilerABI.cpp.o] ==> ignore
    arg [-lstdc++] ==> lib [stdc++]
    arg [-lm] ==> lib [m]
    arg [-lgcc_s] ==> lib [gcc_s]
    arg [-lgcc] ==> lib [gcc]
    arg [-lc] ==> lib [c]
    arg [-lgcc_s] ==> lib [gcc_s]
    arg [-lgcc] ==> lib [gcc]
    arg [/usr/lib/gcc/x86_64-linux-gnu/10/crtendS.o] ==> ignore
    arg [/usr/lib/gcc/x86_64-linux-gnu/10/../../../x86_64-linux-gnu/crtn.o] ==> ignore
  collapse library dir [/usr/lib/gcc/x86_64-linux-gnu/10] ==> [/usr/lib/gcc/x86_64-linux-gnu/10]
  collapse library dir [/usr/lib/gcc/x86_64-linux-gnu/10/../../../x86_64-linux-gnu] ==> [/usr/lib/x86_64-linux-gnu]
  collapse library dir [/usr/lib/gcc/x86_64-linux-gnu/10/../../../../lib] ==> [/usr/lib]
  collapse library dir [/lib/x86_64-linux-gnu] ==> [/lib/x86_64-linux-gnu]
  collapse library dir [/lib/../lib] ==> [/lib]
  collapse library dir [/usr/lib/x86_64-linux-gnu] ==> [/usr/lib/x86_64-linux-gnu]
  collapse library dir [/usr/lib/../lib] ==> [/usr/lib]
  collapse library dir [/usr/lib/gcc/x86_64-linux-gnu/10/../../..] ==> [/usr/lib]
  implicit libs: [stdc++;m;gcc_s;gcc;c;gcc_s;gcc]
  implicit dirs: [/usr/lib/gcc/x86_64-linux-gnu/10;/usr/lib/x86_64-linux-gnu;/usr/lib;/lib/x86_64-linux-gnu;/lib]
  implicit fwks: []


Performing C++ SOURCE FILE Test REVISION_SANITY_CHECK succeeded with the following output:
Change Dir: /home/ethereal/Downloads/minetest/CMakeFiles/CMakeTmp

Run Build Command(s):/usr/bin/gmake cmTC_a3fcd/fast && /usr/bin/gmake  -f CMakeFiles/cmTC_a3fcd.dir/build.make CMakeFiles/cmTC_a3fcd.dir/build
gmake[1]: Entering directory '/home/ethereal/Downloads/minetest/CMakeFiles/CMakeTmp'
Building CXX object CMakeFiles/cmTC_a3fcd.dir/src.cxx.o
/usr/bin/c++  -I/home/ethereal/Downloads/minetest/lib/irrlichtmt/include -DREVISION_SANITY_CHECK -fPIE -std=gnu++11 -o CMakeFiles/cmTC_a3fcd.dir/src.cxx.o -c /home/ethereal/Downloads/minetest/CMakeFiles/CMakeTmp/src.cxx
Linking CXX executable cmTC_a3fcd
/usr/bin/cmake -E cmake_link_script CMakeFiles/cmTC_a3fcd.dir/link.txt --verbose=1
/usr/bin/c++  -DREVISION_SANITY_CHECK CMakeFiles/cmTC_a3fcd.dir/src.cxx.o -o cmTC_a3fcd 
gmake[1]: Leaving directory '/home/ethereal/Downloads/minetest/CMakeFiles/CMakeTmp'


Source file was:
#include <IrrCompileConfig.h>
#if IRRLICHT_VERSION_MT_REVISION != 9
#error
#endif
int main() {}
Determining if the _IRR_COMPILE_WITH_OPENGL_ exist passed with the following output:
Change Dir: /home/ethereal/Downloads/minetest/CMakeFiles/CMakeTmp

Run Build Command(s):/usr/bin/gmake cmTC_6aade/fast && /usr/bin/gmake  -f CMakeFiles/cmTC_6aade.dir/build.make CMakeFiles/cmTC_6aade.dir/build
gmake[1]: Entering directory '/home/ethereal/Downloads/minetest/CMakeFiles/CMakeTmp'
Building C object CMakeFiles/cmTC_6aade.dir/CheckSymbolExists.c.o
/usr/bin/cc  -I/home/ethereal/Downloads/minetest/lib/irrlichtmt/include -fPIE -o CMakeFiles/cmTC_6aade.dir/CheckSymbolExists.c.o -c /home/ethereal/Downloads/minetest/CMakeFiles/CMakeTmp/CheckSymbolExists.c
Linking C executable cmTC_6aade
/usr/bin/cmake -E cmake_link_script CMakeFiles/cmTC_6aade.dir/link.txt --verbose=1
/usr/bin/cc CMakeFiles/cmTC_6aade.dir/CheckSymbolExists.c.o -o cmTC_6aade 
gmake[1]: Leaving directory '/home/ethereal/Downloads/minetest/CMakeFiles/CMakeTmp'


File /home/ethereal/Downloads/minetest/CMakeFiles/CMakeTmp/CheckSymbolExists.c:
/* */
#include <IrrCompileConfig.h>

int main(int argc, char** argv)
{
  (void)argv;
#ifndef _IRR_COMPILE_WITH_OPENGL_
  return ((int*)(&_IRR_COMPILE_WITH_OPENGL_))[argc];
#else
  (void)argc;
  return 0;
#endif
}
Determining if the _IRR_LINUX_X11_XINPUT2_ exist passed with the following output:
Change Dir: /home/ethereal/Downloads/minetest/CMakeFiles/CMakeTmp

Run Build Command(s):/usr/bin/gmake cmTC_706e8/fast && /usr/bin/gmake  -f CMakeFiles/cmTC_706e8.dir/build.make CMakeFiles/cmTC_706e8.dir/build
gmake[1]: Entering directory '/home/ethereal/Downloads/minetest/CMakeFiles/CMakeTmp'
Building C object CMakeFiles/cmTC_706e8.dir/CheckSymbolExists.c.o
/usr/bin/cc  -I/home/ethereal/Downloads/minetest/lib/irrlichtmt/include -fPIE -o CMakeFiles/cmTC_706e8.dir/CheckSymbolExists.c.o -c /home/ethereal/Downloads/minetest/CMakeFiles/CMakeTmp/CheckSymbolExists.c
Linking C executable cmTC_706e8
/usr/bin/cmake -E cmake_link_script CMakeFiles/cmTC_706e8.dir/link.txt --verbose=1
/usr/bin/cc CMakeFiles/cmTC_706e8.dir/CheckSymbolExists.c.o -o cmTC_706e8 
gmake[1]: Leaving directory '/home/ethereal/Downloads/minetest/CMakeFiles/CMakeTmp'


File /home/ethereal/Downloads/minetest/CMakeFiles/CMakeTmp/CheckSymbolExists.c:
/* */
#include <IrrCompileConfig.h>

int main(int argc, char** argv)
{
  (void)argv;
#ifndef _IRR_LINUX_X11_XINPUT2_
  return ((int*)(&_IRR_LINUX_X11_XINPUT2_))[argc];
#else
  (void)argc;
  return 0;
#endif
}
Determining if the function XOpenDisplay exists in the /usr/lib/x86_64-linux-gnu/libX11.so;/usr/lib/x86_64-linux-gnu/libXext.so passed with the following output:
Change Dir: /home/ethereal/Downloads/minetest/CMakeFiles/CMakeTmp

Run Build Command(s):/usr/bin/gmake cmTC_a22ac/fast && /usr/bin/gmake  -f CMakeFiles/cmTC_a22ac.dir/build.make CMakeFiles/cmTC_a22ac.dir/build
gmake[1]: Entering directory '/home/ethereal/Downloads/minetest/CMakeFiles/CMakeTmp'
Building C object CMakeFiles/cmTC_a22ac.dir/CheckFunctionExists.c.o
/usr/bin/cc   -DCHECK_FUNCTION_EXISTS=XOpenDisplay -fPIE -o CMakeFiles/cmTC_a22ac.dir/CheckFunctionExists.c.o -c /usr/share/cmake-3.18/Modules/CheckFunctionExists.c
Linking C executable cmTC_a22ac
/usr/bin/cmake -E cmake_link_script CMakeFiles/cmTC_a22ac.dir/link.txt --verbose=1
/usr/bin/cc  -DCHECK_FUNCTION_EXISTS=XOpenDisplay CMakeFiles/cmTC_a22ac.dir/CheckFunctionExists.c.o -o cmTC_a22ac  /usr/lib/x86_64-linux-gnu/libX11.so /usr/lib/x86_64-linux-gnu/libXext.so 
gmake[1]: Leaving directory '/home/ethereal/Downloads/minetest/CMakeFiles/CMakeTmp'



Determining if the function gethostbyname exists passed with the following output:
Change Dir: /home/ethereal/Downloads/minetest/CMakeFiles/CMakeTmp

Run Build Command(s):/usr/bin/gmake cmTC_fe7d5/fast && /usr/bin/gmake  -f CMakeFiles/cmTC_fe7d5.dir/build.make CMakeFiles/cmTC_fe7d5.dir/build
gmake[1]: Entering directory '/home/ethereal/Downloads/minetest/CMakeFiles/CMakeTmp'
Building C object CMakeFiles/cmTC_fe7d5.dir/CheckFunctionExists.c.o
/usr/bin/cc  -I/home/ethereal/Downloads/minetest/lib/irrlichtmt/include -DCHECK_FUNCTION_EXISTS=gethostbyname -fPIE -o CMakeFiles/cmTC_fe7d5.dir/CheckFunctionExists.c.o -c /usr/share/cmake-3.18/Modules/CheckFunctionExists.c
Linking C executable cmTC_fe7d5
/usr/bin/cmake -E cmake_link_script CMakeFiles/cmTC_fe7d5.dir/link.txt --verbose=1
/usr/bin/cc  -DCHECK_FUNCTION_EXISTS=gethostbyname CMakeFiles/cmTC_fe7d5.dir/CheckFunctionExists.c.o -o cmTC_fe7d5 
gmake[1]: Leaving directory '/home/ethereal/Downloads/minetest/CMakeFiles/CMakeTmp'



Determining if the function connect exists passed with the following output:
Change Dir: /home/ethereal/Downloads/minetest/CMakeFiles/CMakeTmp

Run Build Command(s):/usr/bin/gmake cmTC_1d2d8/fast && /usr/bin/gmake  -f CMakeFiles/cmTC_1d2d8.dir/build.make CMakeFiles/cmTC_1d2d8.dir/build
gmake[1]: Entering directory '/home/ethereal/Downloads/minetest/CMakeFiles/CMakeTmp'
Building C object CMakeFiles/cmTC_1d2d8.dir/CheckFunctionExists.c.o
/usr/bin/cc  -I/home/ethereal/Downloads/minetest/lib/irrlichtmt/include -DCHECK_FUNCTION_EXISTS=connect -fPIE -o CMakeFiles/cmTC_1d2d8.dir/CheckFunctionExists.c.o -c /usr/share/cmake-3.18/Modules/CheckFunctionExists.c
Linking C executable cmTC_1d2d8
/usr/bin/cmake -E cmake_link_script CMakeFiles/cmTC_1d2d8.dir/link.txt --verbose=1
/usr/bin/cc  -DCHECK_FUNCTION_EXISTS=connect CMakeFiles/cmTC_1d2d8.dir/CheckFunctionExists.c.o -o cmTC_1d2d8 
gmake[1]: Leaving directory '/home/ethereal/Downloads/minetest/CMakeFiles/CMakeTmp'



Determining if the function remove exists passed with the following output:
Change Dir: /home/ethereal/Downloads/minetest/CMakeFiles/CMakeTmp

Run Build Command(s):/usr/bin/gmake cmTC_4a038/fast && /usr/bin/gmake  -f CMakeFiles/cmTC_4a038.dir/build.make CMakeFiles/cmTC_4a038.dir/build
gmake[1]: Entering directory '/home/ethereal/Downloads/minetest/CMakeFiles/CMakeTmp'
Building C object CMakeFiles/cmTC_4a038.dir/CheckFunctionExists.c.o
/usr/bin/cc  -I/home/ethereal/Downloads/minetest/lib/irrlichtmt/include -DCHECK_FUNCTION_EXISTS=remove -fPIE -o CMakeFiles/cmTC_4a038.dir/CheckFunctionExists.c.o -c /usr/share/cmake-3.18/Modules/CheckFunctionExists.c
Linking C executable cmTC_4a038
/usr/bin/cmake -E cmake_link_script CMakeFiles/cmTC_4a038.dir/link.txt --verbose=1
/usr/bin/cc  -DCHECK_FUNCTION_EXISTS=remove CMakeFiles/cmTC_4a038.dir/CheckFunctionExists.c.o -o cmTC_4a038 
gmake[1]: Leaving directory '/home/ethereal/Downloads/minetest/CMakeFiles/CMakeTmp'



Determining if the function shmat exists passed with the following output:
Change Dir: /home/ethereal/Downloads/minetest/CMakeFiles/CMakeTmp

Run Build Command(s):/usr/bin/gmake cmTC_4b8b2/fast && /usr/bin/gmake  -f CMakeFiles/cmTC_4b8b2.dir/build.make CMakeFiles/cmTC_4b8b2.dir/build
gmake[1]: Entering directory '/home/ethereal/Downloads/minetest/CMakeFiles/CMakeTmp'
Building C object CMakeFiles/cmTC_4b8b2.dir/CheckFunctionExists.c.o
/usr/bin/cc  -I/home/ethereal/Downloads/minetest/lib/irrlichtmt/include -DCHECK_FUNCTION_EXISTS=shmat -fPIE -o CMakeFiles/cmTC_4b8b2.dir/CheckFunctionExists.c.o -c /usr/share/cmake-3.18/Modules/CheckFunctionExists.c
Linking C executable cmTC_4b8b2
/usr/bin/cmake -E cmake_link_script CMakeFiles/cmTC_4b8b2.dir/link.txt --verbose=1
/usr/bin/cc  -DCHECK_FUNCTION_EXISTS=shmat CMakeFiles/cmTC_4b8b2.dir/CheckFunctionExists.c.o -o cmTC_4b8b2 
gmake[1]: Leaving directory '/home/ethereal/Downloads/minetest/CMakeFiles/CMakeTmp'



Determining size of int passed with the following output:
Change Dir: /home/ethereal/Downloads/minetest/CMakeFiles/CMakeTmp

Run Build Command(s):/usr/bin/gmake cmTC_46cba/fast && /usr/bin/gmake  -f CMakeFiles/cmTC_46cba.dir/build.make CMakeFiles/cmTC_46cba.dir/build
gmake[1]: Entering directory '/home/ethereal/Downloads/minetest/CMakeFiles/CMakeTmp'
Building CXX object CMakeFiles/cmTC_46cba.dir/SIZEOF_INT.cpp.o
/usr/bin/c++   -std=gnu++14 -o CMakeFiles/cmTC_46cba.dir/SIZEOF_INT.cpp.o -c /home/ethereal/Downloads/minetest/CMakeFiles/CheckTypeSize/SIZEOF_INT.cpp
Linking CXX executable cmTC_46cba
/usr/bin/cmake -E cmake_link_script CMakeFiles/cmTC_46cba.dir/link.txt --verbose=1
/usr/bin/c++ CMakeFiles/cmTC_46cba.dir/SIZEOF_INT.cpp.o -o cmTC_46cba 
gmake[1]: Leaving directory '/home/ethereal/Downloads/minetest/CMakeFiles/CMakeTmp'



Determining if the include file sys/types.h exists passed with the following output:
Change Dir: /home/ethereal/Downloads/minetest/CMakeFiles/CMakeTmp

Run Build Command(s):/usr/bin/gmake cmTC_812f4/fast && /usr/bin/gmake  -f CMakeFiles/cmTC_812f4.dir/build.make CMakeFiles/cmTC_812f4.dir/build
gmake[1]: Entering directory '/home/ethereal/Downloads/minetest/CMakeFiles/CMakeTmp'
Building CXX object CMakeFiles/cmTC_812f4.dir/CheckIncludeFile.cxx.o
/usr/bin/c++   -std=gnu++14 -o CMakeFiles/cmTC_812f4.dir/CheckIncludeFile.cxx.o -c /home/ethereal/Downloads/minetest/CMakeFiles/CMakeTmp/CheckIncludeFile.cxx
Linking CXX executable cmTC_812f4
/usr/bin/cmake -E cmake_link_script CMakeFiles/cmTC_812f4.dir/link.txt --verbose=1
/usr/bin/c++ CMakeFiles/cmTC_812f4.dir/CheckIncludeFile.cxx.o -o cmTC_812f4 
gmake[1]: Leaving directory '/home/ethereal/Downloads/minetest/CMakeFiles/CMakeTmp'



Determining if the include file stdint.h exists passed with the following output:
Change Dir: /home/ethereal/Downloads/minetest/CMakeFiles/CMakeTmp

Run Build Command(s):/usr/bin/gmake cmTC_68cb4/fast && /usr/bin/gmake  -f CMakeFiles/cmTC_68cb4.dir/build.make CMakeFiles/cmTC_68cb4.dir/build
gmake[1]: Entering directory '/home/ethereal/Downloads/minetest/CMakeFiles/CMakeTmp'
Building CXX object CMakeFiles/cmTC_68cb4.dir/CheckIncludeFile.cxx.o
/usr/bin/c++   -std=gnu++14 -o CMakeFiles/cmTC_68cb4.dir/CheckIncludeFile.cxx.o -c /home/ethereal/Downloads/minetest/CMakeFiles/CMakeTmp/CheckIncludeFile.cxx
Linking CXX executable cmTC_68cb4
/usr/bin/cmake -E cmake_link_script CMakeFiles/cmTC_68cb4.dir/link.txt --verbose=1
/usr/bin/c++ CMakeFiles/cmTC_68cb4.dir/CheckIncludeFile.cxx.o -o cmTC_68cb4 
gmake[1]: Leaving directory '/home/ethereal/Downloads/minetest/CMakeFiles/CMakeTmp'



Determining if the include file stddef.h exists passed with the following output:
Change Dir: /home/ethereal/Downloads/minetest/CMakeFiles/CMakeTmp

Run Build Command(s):/usr/bin/gmake cmTC_2a0d9/fast && /usr/bin/gmake  -f CMakeFiles/cmTC_2a0d9.dir/build.make CMakeFiles/cmTC_2a0d9.dir/build
gmake[1]: Entering directory '/home/ethereal/Downloads/minetest/CMakeFiles/CMakeTmp'
Building CXX object CMakeFiles/cmTC_2a0d9.dir/CheckIncludeFile.cxx.o
/usr/bin/c++   -std=gnu++14 -o CMakeFiles/cmTC_2a0d9.dir/CheckIncludeFile.cxx.o -c /home/ethereal/Downloads/minetest/CMakeFiles/CMakeTmp/CheckIncludeFile.cxx
Linking CXX executable cmTC_2a0d9
/usr/bin/cmake -E cmake_link_script CMakeFiles/cmTC_2a0d9.dir/link.txt --verbose=1
/usr/bin/c++ CMakeFiles/cmTC_2a0d9.dir/CheckIncludeFile.cxx.o -o cmTC_2a0d9 
gmake[1]: Leaving directory '/home/ethereal/Downloads/minetest/CMakeFiles/CMakeTmp'



Determining size of size_t passed with the following output:
Change Dir: /home/ethereal/Downloads/minetest/CMakeFiles/CMakeTmp

Run Build Command(s):/usr/bin/gmake cmTC_ca872/fast && /usr/bin/gmake  -f CMakeFiles/cmTC_ca872.dir/build.make CMakeFiles/cmTC_ca872.dir/build
gmake[1]: Entering directory '/home/ethereal/Downloads/minetest/CMakeFiles/CMakeTmp'
Building CXX object CMakeFiles/cmTC_ca872.dir/SIZEOF_SIZE_T.cpp.o
/usr/bin/c++   -std=gnu++14 -o CMakeFiles/cmTC_ca872.dir/SIZEOF_SIZE_T.cpp.o -c /home/ethereal/Downloads/minetest/CMakeFiles/CheckTypeSize/SIZEOF_SIZE_T.cpp
Linking CXX executable cmTC_ca872
/usr/bin/cmake -E cmake_link_script CMakeFiles/cmTC_ca872.dir/link.txt --verbose=1
/usr/bin/c++ CMakeFiles/cmTC_ca872.dir/SIZEOF_SIZE_T.cpp.o -o cmTC_ca872 
gmake[1]: Leaving directory '/home/ethereal/Downloads/minetest/CMakeFiles/CMakeTmp'



Determining if the ZSTD_initCStream exist passed with the following output:
Change Dir: /home/ethereal/Downloads/minetest/CMakeFiles/CMakeTmp

Run Build Command(s):/usr/bin/gmake cmTC_a66cb/fast && /usr/bin/gmake  -f CMakeFiles/cmTC_a66cb.dir/build.make CMakeFiles/cmTC_a66cb.dir/build
gmake[1]: Entering directory '/home/ethereal/Downloads/minetest/CMakeFiles/CMakeTmp'
Building C object CMakeFiles/cmTC_a66cb.dir/CheckSymbolExists.c.o
/usr/bin/cc    -o CMakeFiles/cmTC_a66cb.dir/CheckSymbolExists.c.o -c /home/ethereal/Downloads/minetest/CMakeFiles/CMakeTmp/CheckSymbolExists.c
Linking C executable cmTC_a66cb
/usr/bin/cmake -E cmake_link_script CMakeFiles/cmTC_a66cb.dir/link.txt --verbose=1
/usr/bin/cc CMakeFiles/cmTC_a66cb.dir/CheckSymbolExists.c.o -o cmTC_a66cb  /usr/lib/x86_64-linux-gnu/libzstd.so 
gmake[1]: Leaving directory '/home/ethereal/Downloads/minetest/CMakeFiles/CMakeTmp'


File /home/ethereal/Downloads/minetest/CMakeFiles/CMakeTmp/CheckSymbolExists.c:
/* */
#include <zstd.h>

int main(int argc, char** argv)
{
  (void)argv;
#ifndef ZSTD_initCStream
  return ((int*)(&ZSTD_initCStream))[argc];
#else
  (void)argc;
  return 0;
#endif
}
Determining if the include file pthread.h exists passed with the following output:
Change Dir: /home/ethereal/Downloads/minetest/CMakeFiles/CMakeTmp

Run Build Command(s):/usr/bin/gmake cmTC_ee5d4/fast && /usr/bin/gmake  -f CMakeFiles/cmTC_ee5d4.dir/build.make CMakeFiles/cmTC_ee5d4.dir/build
gmake[1]: Entering directory '/home/ethereal/Downloads/minetest/CMakeFiles/CMakeTmp'
Building C object CMakeFiles/cmTC_ee5d4.dir/CheckIncludeFile.c.o
/usr/bin/cc    -o CMakeFiles/cmTC_ee5d4.dir/CheckIncludeFile.c.o -c /home/ethereal/Downloads/minetest/CMakeFiles/CMakeTmp/CheckIncludeFile.c
Linking C executable cmTC_ee5d4
/usr/bin/cmake -E cmake_link_script CMakeFiles/cmTC_ee5d4.dir/link.txt --verbose=1
/usr/bin/cc CMakeFiles/cmTC_ee5d4.dir/CheckIncludeFile.c.o -o cmTC_ee5d4 
gmake[1]: Leaving directory '/home/ethereal/Downloads/minetest/CMakeFiles/CMakeTmp'



Determining if the function clock_gettime exists in the rt passed with the following output:
Change Dir: /home/ethereal/Downloads/minetest/CMakeFiles/CMakeTmp

Run Build Command(s):/usr/bin/gmake cmTC_ff412/fast && /usr/bin/gmake  -f CMakeFiles/cmTC_ff412.dir/build.make CMakeFiles/cmTC_ff412.dir/build
gmake[1]: Entering directory '/home/ethereal/Downloads/minetest/CMakeFiles/CMakeTmp'
Building C object CMakeFiles/cmTC_ff412.dir/CheckFunctionExists.c.o
/usr/bin/cc   -DCHECK_FUNCTION_EXISTS=clock_gettime -o CMakeFiles/cmTC_ff412.dir/CheckFunctionExists.c.o -c /usr/share/cmake-3.18/Modules/CheckFunctionExists.c
Linking C executable cmTC_ff412
/usr/bin/cmake -E cmake_link_script CMakeFiles/cmTC_ff412.dir/link.txt --verbose=1
/usr/bin/cc  -DCHECK_FUNCTION_EXISTS=clock_gettime CMakeFiles/cmTC_ff412.dir/CheckFunctionExists.c.o -o cmTC_ff412  -lrt 
gmake[1]: Leaving directory '/home/ethereal/Downloads/minetest/CMakeFiles/CMakeTmp'



Determining if files endian.h exist passed with the following output:
Change Dir: /home/ethereal/Downloads/minetest/CMakeFiles/CMakeTmp

Run Build Command(s):/usr/bin/gmake cmTC_612a5/fast && /usr/bin/gmake  -f CMakeFiles/cmTC_612a5.dir/build.make CMakeFiles/cmTC_612a5.dir/build
gmake[1]: Entering directory '/home/ethereal/Downloads/minetest/CMakeFiles/CMakeTmp'
Building C object CMakeFiles/cmTC_612a5.dir/HAVE_ENDIAN_H.c.o
/usr/bin/cc    -o CMakeFiles/cmTC_612a5.dir/HAVE_ENDIAN_H.c.o -c /home/ethereal/Downloads/minetest/CMakeFiles/CheckIncludeFiles/HAVE_ENDIAN_H.c
Linking C executable cmTC_612a5
/usr/bin/cmake -E cmake_link_script CMakeFiles/cmTC_612a5.dir/link.txt --verbose=1
/usr/bin/cc CMakeFiles/cmTC_612a5.dir/HAVE_ENDIAN_H.c.o -o cmTC_612a5 
gmake[1]: Leaving directory '/home/ethereal/Downloads/minetest/CMakeFiles/CMakeTmp'



Performing C++ SOURCE FILE Test REVISION_SANITY_CHECK succeeded with the following output:
Change Dir: /home/ethereal/Downloads/minetest/CMakeFiles/CMakeTmp

Run Build Command(s):/usr/bin/gmake cmTC_c12e8/fast && /usr/bin/gmake  -f CMakeFiles/cmTC_c12e8.dir/build.make CMakeFiles/cmTC_c12e8.dir/build
gmake[1]: Entering directory '/home/ethereal/Downloads/minetest/CMakeFiles/CMakeTmp'
Building CXX object CMakeFiles/cmTC_c12e8.dir/src.cxx.o
/usr/bin/c++  -I/home/ethereal/Downloads/minetest/lib/irrlichtmt/include -DREVISION_SANITY_CHECK -fPIE -std=gnu++11 -o CMakeFiles/cmTC_c12e8.dir/src.cxx.o -c /home/ethereal/Downloads/minetest/CMakeFiles/CMakeTmp/src.cxx
Linking CXX executable cmTC_c12e8
/usr/bin/cmake -E cmake_link_script CMakeFiles/cmTC_c12e8.dir/link.txt --verbose=1
/usr/bin/c++  -DREVISION_SANITY_CHECK CMakeFiles/cmTC_c12e8.dir/src.cxx.o -o cmTC_c12e8 
gmake[1]: Leaving directory '/home/ethereal/Downloads/minetest/CMakeFiles/CMakeTmp'


Source file was:
#include <IrrCompileConfig.h>
#if IRRLICHT_VERSION_MT_REVISION != 9
#error
#endif
int main() {}
Determining if the _IRR_COMPILE_WITH_OPENGL_ exist passed with the following output:
Change Dir: /home/ethereal/Downloads/minetest/CMakeFiles/CMakeTmp

Run Build Command(s):/usr/bin/gmake cmTC_586ab/fast && /usr/bin/gmake  -f CMakeFiles/cmTC_586ab.dir/build.make CMakeFiles/cmTC_586ab.dir/build
gmake[1]: Entering directory '/home/ethereal/Downloads/minetest/CMakeFiles/CMakeTmp'
Building C object CMakeFiles/cmTC_586ab.dir/CheckSymbolExists.c.o
/usr/bin/cc  -I/home/ethereal/Downloads/minetest/lib/irrlichtmt/include -fPIE -o CMakeFiles/cmTC_586ab.dir/CheckSymbolExists.c.o -c /home/ethereal/Downloads/minetest/CMakeFiles/CMakeTmp/CheckSymbolExists.c
Linking C executable cmTC_586ab
/usr/bin/cmake -E cmake_link_script CMakeFiles/cmTC_586ab.dir/link.txt --verbose=1
/usr/bin/cc CMakeFiles/cmTC_586ab.dir/CheckSymbolExists.c.o -o cmTC_586ab 
gmake[1]: Leaving directory '/home/ethereal/Downloads/minetest/CMakeFiles/CMakeTmp'


File /home/ethereal/Downloads/minetest/CMakeFiles/CMakeTmp/CheckSymbolExists.c:
/* */
#include <IrrCompileConfig.h>

int main(int argc, char** argv)
{
  (void)argv;
#ifndef _IRR_COMPILE_WITH_OPENGL_
  return ((int*)(&_IRR_COMPILE_WITH_OPENGL_))[argc];
#else
  (void)argc;
  return 0;
#endif
}
Determining if the _IRR_LINUX_X11_XINPUT2_ exist passed with the following output:
Change Dir: /home/ethereal/Downloads/minetest/CMakeFiles/CMakeTmp

Run Build Command(s):/usr/bin/gmake cmTC_ae8bc/fast && /usr/bin/gmake  -f CMakeFiles/cmTC_ae8bc.dir/build.make CMakeFiles/cmTC_ae8bc.dir/build
gmake[1]: Entering directory '/home/ethereal/Downloads/minetest/CMakeFiles/CMakeTmp'
Building C object CMakeFiles/cmTC_ae8bc.dir/CheckSymbolExists.c.o
/usr/bin/cc  -I/home/ethereal/Downloads/minetest/lib/irrlichtmt/include -fPIE -o CMakeFiles/cmTC_ae8bc.dir/CheckSymbolExists.c.o -c /home/ethereal/Downloads/minetest/CMakeFiles/CMakeTmp/CheckSymbolExists.c
Linking C executable cmTC_ae8bc
/usr/bin/cmake -E cmake_link_script CMakeFiles/cmTC_ae8bc.dir/link.txt --verbose=1
/usr/bin/cc CMakeFiles/cmTC_ae8bc.dir/CheckSymbolExists.c.o -o cmTC_ae8bc 
gmake[1]: Leaving directory '/home/ethereal/Downloads/minetest/CMakeFiles/CMakeTmp'


File /home/ethereal/Downloads/minetest/CMakeFiles/CMakeTmp/CheckSymbolExists.c:
/* */
#include <IrrCompileConfig.h>

int main(int argc, char** argv)
{
  (void)argv;
#ifndef _IRR_LINUX_X11_XINPUT2_
  return ((int*)(&_IRR_LINUX_X11_XINPUT2_))[argc];
#else
  (void)argc;
  return 0;
#endif
}
Determining if the ZSTD_initCStream exist passed with the following output:
Change Dir: /home/ethereal/Downloads/minetest/CMakeFiles/CMakeTmp

Run Build Command(s):/usr/bin/gmake cmTC_60123/fast && /usr/bin/gmake  -f CMakeFiles/cmTC_60123.dir/build.make CMakeFiles/cmTC_60123.dir/build
gmake[1]: Entering directory '/home/ethereal/Downloads/minetest/CMakeFiles/CMakeTmp'
Building C object CMakeFiles/cmTC_60123.dir/CheckSymbolExists.c.o
/usr/bin/cc    -o CMakeFiles/cmTC_60123.dir/CheckSymbolExists.c.o -c /home/ethereal/Downloads/minetest/CMakeFiles/CMakeTmp/CheckSymbolExists.c
Linking C executable cmTC_60123
/usr/bin/cmake -E cmake_link_script CMakeFiles/cmTC_60123.dir/link.txt --verbose=1
/usr/bin/cc CMakeFiles/cmTC_60123.dir/CheckSymbolExists.c.o -o cmTC_60123  /usr/lib/x86_64-linux-gnu/libzstd.so 
gmake[1]: Leaving directory '/home/ethereal/Downloads/minetest/CMakeFiles/CMakeTmp'


File /home/ethereal/Downloads/minetest/CMakeFiles/CMakeTmp/CheckSymbolExists.c:
/* */
#include <zstd.h>

int main(int argc, char** argv)
{
  (void)argv;
#ifndef ZSTD_initCStream
  return ((int*)(&ZSTD_initCStream))[argc];
#else
  (void)argc;
  return 0;
#endif
}
Performing C++ SOURCE FILE Test REVISION_SANITY_CHECK succeeded with the following output:
Change Dir: /home/ethereal/Downloads/minetest/CMakeFiles/CMakeTmp

Run Build Command(s):/usr/bin/gmake cmTC_81308/fast && /usr/bin/gmake  -f CMakeFiles/cmTC_81308.dir/build.make CMakeFiles/cmTC_81308.dir/build
gmake[1]: Entering directory '/home/ethereal/Downloads/minetest/CMakeFiles/CMakeTmp'
Building CXX object CMakeFiles/cmTC_81308.dir/src.cxx.o
/usr/bin/c++  -I/home/ethereal/Downloads/minetest/lib/irrlichtmt/include -DREVISION_SANITY_CHECK -fPIE -std=gnu++11 -o CMakeFiles/cmTC_81308.dir/src.cxx.o -c /home/ethereal/Downloads/minetest/CMakeFiles/CMakeTmp/src.cxx
Linking CXX executable cmTC_81308
/usr/bin/cmake -E cmake_link_script CMakeFiles/cmTC_81308.dir/link.txt --verbose=1
/usr/bin/c++  -DREVISION_SANITY_CHECK CMakeFiles/cmTC_81308.dir/src.cxx.o -o cmTC_81308 
gmake[1]: Leaving directory '/home/ethereal/Downloads/minetest/CMakeFiles/CMakeTmp'


Source file was:
#include <IrrCompileConfig.h>
#if IRRLICHT_VERSION_MT_REVISION != 9
#error
#endif
int main() {}
Determining if the _IRR_COMPILE_WITH_OPENGL_ exist passed with the following output:
Change Dir: /home/ethereal/Downloads/minetest/CMakeFiles/CMakeTmp

Run Build Command(s):/usr/bin/gmake cmTC_9a343/fast && /usr/bin/gmake  -f CMakeFiles/cmTC_9a343.dir/build.make CMakeFiles/cmTC_9a343.dir/build
gmake[1]: Entering directory '/home/ethereal/Downloads/minetest/CMakeFiles/CMakeTmp'
Building C object CMakeFiles/cmTC_9a343.dir/CheckSymbolExists.c.o
/usr/bin/cc  -I/home/ethereal/Downloads/minetest/lib/irrlichtmt/include -fPIE -o CMakeFiles/cmTC_9a343.dir/CheckSymbolExists.c.o -c /home/ethereal/Downloads/minetest/CMakeFiles/CMakeTmp/CheckSymbolExists.c
Linking C executable cmTC_9a343
/usr/bin/cmake -E cmake_link_script CMakeFiles/cmTC_9a343.dir/link.txt --verbose=1
/usr/bin/cc CMakeFiles/cmTC_9a343.dir/CheckSymbolExists.c.o -o cmTC_9a343 
gmake[1]: Leaving directory '/home/ethereal/Downloads/minetest/CMakeFiles/CMakeTmp'


File /home/ethereal/Downloads/minetest/CMakeFiles/CMakeTmp/CheckSymbolExists.c:
/* */
#include <IrrCompileConfig.h>

int main(int argc, char** argv)
{
  (void)argv;
#ifndef _IRR_COMPILE_WITH_OPENGL_
  return ((int*)(&_IRR_COMPILE_WITH_OPENGL_))[argc];
#else
  (void)argc;
  return 0;
#endif
}
Determining if the _IRR_LINUX_X11_XINPUT2_ exist passed with the following output:
Change Dir: /home/ethereal/Downloads/minetest/CMakeFiles/CMakeTmp

Run Build Command(s):/usr/bin/gmake cmTC_d02d0/fast && /usr/bin/gmake  -f CMakeFiles/cmTC_d02d0.dir/build.make CMakeFiles/cmTC_d02d0.dir/build
gmake[1]: Entering directory '/home/ethereal/Downloads/minetest/CMakeFiles/CMakeTmp'
Building C object CMakeFiles/cmTC_d02d0.dir/CheckSymbolExists.c.o
/usr/bin/cc  -I/home/ethereal/Downloads/minetest/lib/irrlichtmt/include -fPIE -o CMakeFiles/cmTC_d02d0.dir/CheckSymbolExists.c.o -c /home/ethereal/Downloads/minetest/CMakeFiles/CMakeTmp/CheckSymbolExists.c
Linking C executable cmTC_d02d0
/usr/bin/cmake -E cmake_link_script CMakeFiles/cmTC_d02d0.dir/link.txt --verbose=1
/usr/bin/cc CMakeFiles/cmTC_d02d0.dir/CheckSymbolExists.c.o -o cmTC_d02d0 
gmake[1]: Leaving directory '/home/ethereal/Downloads/minetest/CMakeFiles/CMakeTmp'


File /home/ethereal/Downloads/minetest/CMakeFiles/CMakeTmp/CheckSymbolExists.c:
/* */
#include <IrrCompileConfig.h>

int main(int argc, char** argv)
{
  (void)argv;
#ifndef _IRR_LINUX_X11_XINPUT2_
  return ((int*)(&_IRR_LINUX_X11_XINPUT2_))[argc];
#else
  (void)argc;
  return 0;
#endif
}
Determining if the ZSTD_initCStream exist passed with the following output:
Change Dir: /home/ethereal/Downloads/minetest/CMakeFiles/CMakeTmp

Run Build Command(s):/usr/bin/gmake cmTC_ad868/fast && /usr/bin/gmake  -f CMakeFiles/cmTC_ad868.dir/build.make CMakeFiles/cmTC_ad868.dir/build
gmake[1]: Entering directory '/home/ethereal/Downloads/minetest/CMakeFiles/CMakeTmp'
Building C object CMakeFiles/cmTC_ad868.dir/CheckSymbolExists.c.o
/usr/bin/cc    -o CMakeFiles/cmTC_ad868.dir/CheckSymbolExists.c.o -c /home/ethereal/Downloads/minetest/CMakeFiles/CMakeTmp/CheckSymbolExists.c
Linking C executable cmTC_ad868
/usr/bin/cmake -E cmake_link_script CMakeFiles/cmTC_ad868.dir/link.txt --verbose=1
/usr/bin/cc CMakeFiles/cmTC_ad868.dir/CheckSymbolExists.c.o -o cmTC_ad868  /usr/lib/x86_64-linux-gnu/libzstd.so 
gmake[1]: Leaving directory '/home/ethereal/Downloads/minetest/CMakeFiles/CMakeTmp'


File /home/ethereal/Downloads/minetest/CMakeFiles/CMakeTmp/CheckSymbolExists.c:
/* */
#include <zstd.h>

int main(int argc, char** argv)
{
  (void)argv;
#ifndef ZSTD_initCStream
  return ((int*)(&ZSTD_initCStream))[argc];
#else
  (void)argc;
  return 0;
#endif
}
